<?xml version="1.0" encoding="UTF-8"?>
<!-- Generated by org.testng.reporters.JUnitReportReporter -->
<testsuite hostname="TTLAPTOP1061" failures="0" tests="1" name="com.shadabanwar.test.Cosmetics" time="72.355" errors="0" timestamp="2020-07-01T11:55:14 IST" skipped="0">
  <testcase classname="com.shadabanwar.test.Cosmetics" name="Items" time="72.355"/>
  <system-out/>
</testsuite> <!-- com.shadabanwar.test.Cosmetics -->
